[debug] [2021-08-20T22:38:43.211Z] ----------------------------------------------------------------------
[debug] [2021-08-20T22:38:43.223Z] Command:       C:\Program Files\nodejs\node.exe C:\Program Files\nodejs\node_modules\firebase-tools\lib\bin\firebase.js init
[debug] [2021-08-20T22:38:43.225Z] CLI Version:   9.16.5
[debug] [2021-08-20T22:38:43.226Z] Platform:      win32
[debug] [2021-08-20T22:38:43.226Z] Node Version:  v12.18.1
[debug] [2021-08-20T22:38:43.232Z] Time:          Fri Aug 20 2021 23:38:43 GMT+0100 (GMT+01:00)
[debug] [2021-08-20T22:38:43.233Z] ----------------------------------------------------------------------
[debug] 
[debug] [2021-08-20T22:38:43.261Z] > command requires scopes: ["email","openid","https://www.googleapis.com/auth/cloudplatformprojects.readonly","https://www.googleapis.com/auth/firebase","https://www.googleapis.com/auth/cloud-platform"]
[debug] [2021-08-20T22:38:43.262Z] > authorizing via signed-in user (k.moise.gui@gmail.com)
[info] 
     ######## #### ########  ######## ########     ###     ######  ########
     ##        ##  ##     ## ##       ##     ##  ##   ##  ##       ##
     ######    ##  ########  ######   ########  #########  ######  ######
     ##        ##  ##    ##  ##       ##     ## ##     ##       ## ##
     ##       #### ##     ## ######## ########  ##     ##  ######  ########

You're about to initialize a Firebase project in this directory:

  E:\Study\React\linkedin-clone

[info] 
=== Project Setup
[info] 
[info] First, let's associate this project directory with a Firebase project.
[info] You can create multiple project aliases by running firebase use --add, 
[info] but for now we'll just set up a default project.
[info] 
[debug] [2021-08-20T22:39:23.630Z] > refreshing access token with scopes: []
[debug] [2021-08-20T22:39:23.632Z] >>> HTTP REQUEST POST https://www.googleapis.com/oauth2/v3/token  
 <request body omitted>
[debug] [2021-08-20T22:39:24.110Z] <<< HTTP RESPONSE 200 {"date":"Fri, 20 Aug 2021 22:39:23 GMT","pragma":"no-cache","cache-control":"no-cache, no-store, max-age=0, must-revalidate","expires":"Mon, 01 Jan 1990 00:00:00 GMT","content-type":"application/json; charset=utf-8","vary":"X-Origin, Referer, Origin,Accept-Encoding","server":"scaffolding on HTTPServer2","x-xss-protection":"0","x-frame-options":"SAMEORIGIN","x-content-type-options":"nosniff","alt-svc":"h3=\":443\"; ma=2592000,h3-29=\":443\"; ma=2592000,h3-T051=\":443\"; ma=2592000,h3-Q050=\":443\"; ma=2592000,h3-Q046=\":443\"; ma=2592000,h3-Q043=\":443\"; ma=2592000,quic=\":443\"; ma=2592000; v=\"46,43\"","accept-ranges":"none","transfer-encoding":"chunked"}
[debug] [2021-08-20T22:39:24.177Z] >>> [apiv2][query] GET https://firebase.googleapis.com/v1beta1/projects pageSize=100
[debug] [2021-08-20T22:39:24.813Z] <<< [apiv2][status] GET https://firebase.googleapis.com/v1beta1/projects 200
[debug] [2021-08-20T22:39:24.814Z] <<< [apiv2][body] GET https://firebase.googleapis.com/v1beta1/projects [omitted]
[info] i  Using project linkedin-clone-b873a (linkedin-clone) 
[info] 
=== Hosting:github Setup
[info] 
[info] i  Detected a .git folder at E:\Study\React\linkedin-clone 
[info] i  Authorizing with GitHub to upload your service account to a GitHub repository's secrets store. 
[info] 
[info] Visit this URL on this device to log in:
[info] https://github.com/login/oauth/authorize?client_id=89cf50f02ac6aaed3484&state=776359907&redirect_uri=http%3A%2F%2Flocalhost%3A9005&scope=read%3Auser%20repo%20public_repo
[info] 
[info] Waiting for authentication...
[debug] [2021-08-20T22:39:34.772Z] >>> HTTP REQUEST POST https://github.com/login/oauth/access_token  
 {"client_id":"89cf50f02ac6aaed3484","client_secret":"3330d14abc895d9a74d5f17cd7a00711fa2c5bf0","code":"0a5def33385d4c91d674","redirect_uri":"http://localhost:9005","state":"776359907"}
[debug] [2021-08-20T22:39:35.175Z] <<< HTTP RESPONSE 200 {"server":"GitHub.com","date":"Fri, 20 Aug 2021 22:39:34 GMT","content-type":"application/json; charset=utf-8","transfer-encoding":"chunked","vary":"X-PJAX, Accept-Encoding, Accept, X-Requested-With","permissions-policy":"interest-cohort=()","etag":"W/\"f2c742eda69825cf2456cd3a3f4d9647\"","cache-control":"max-age=0, private, must-revalidate","strict-transport-security":"max-age=31536000; includeSubdomains; preload","x-frame-options":"deny","x-content-type-options":"nosniff","x-xss-protection":"0","referrer-policy":"origin-when-cross-origin, strict-origin-when-cross-origin","expect-ct":"max-age=2592000, report-uri=\"https://api.github.com/_private/browser/errors\"","content-security-policy":"default-src 'none'; base-uri 'self'; block-all-mixed-content; connect-src 'self' uploads.github.com www.githubstatus.com collector.githubapp.com api.github.com github-cloud.s3.amazonaws.com github-production-repository-file-5c1aeb.s3.amazonaws.com github-production-upload-manifest-file-7fdce7.s3.amazonaws.com github-production-user-asset-6210df.s3.amazonaws.com cdn.optimizely.com logx.optimizely.com/v1/events translator.github.com wss://alive.github.com; font-src github.githubassets.com; form-action 'self' github.com gist.github.com; frame-ancestors 'none'; frame-src render.githubusercontent.com viewscreen.githubusercontent.com; img-src 'self' data: github.githubassets.com identicons.github.com collector.githubapp.com github-cloud.s3.amazonaws.com secured-user-images.githubusercontent.com/ *.githubusercontent.com; manifest-src 'self'; media-src 'none'; script-src github.githubassets.com; style-src 'unsafe-inline' github.githubassets.com; worker-src github.com/socket-worker-3f088aa2.js gist.github.com/socket-worker-3f088aa2.js","x-github-request-id":"04A0:D18A:1BF9B70:1D01685:61202F26"}
[debug] [2021-08-20T22:39:35.195Z] >>> [apiv2][query] GET https://api.github.com/user [none]
[debug] [2021-08-20T22:39:35.700Z] <<< [apiv2][status] GET https://api.github.com/user 200
[debug] [2021-08-20T22:39:35.700Z] <<< [apiv2][body] GET https://api.github.com/user {"login":"MoiseGui","id":40016551,"node_id":"MDQ6VXNlcjQwMDE2NTUx","avatar_url":"https://avatars.githubusercontent.com/u/40016551?v=4","gravatar_id":"","url":"https://api.github.com/users/MoiseGui","html_url":"https://github.com/MoiseGui","followers_url":"https://api.github.com/users/MoiseGui/followers","following_url":"https://api.github.com/users/MoiseGui/following{/other_user}","gists_url":"https://api.github.com/users/MoiseGui/gists{/gist_id}","starred_url":"https://api.github.com/users/MoiseGui/starred{/owner}{/repo}","subscriptions_url":"https://api.github.com/users/MoiseGui/subscriptions","organizations_url":"https://api.github.com/users/MoiseGui/orgs","repos_url":"https://api.github.com/users/MoiseGui/repos","events_url":"https://api.github.com/users/MoiseGui/events{/privacy}","received_events_url":"https://api.github.com/users/MoiseGui/received_events","type":"User","site_admin":false,"name":"Moïse Gui","company":"Mobile and Software Engineer","blog":"moisegui.com","location":null,"email":null,"hireable":true,"bio":"Software and Mobile Engineer","twitter_username":"gui_moise","public_repos":23,"public_gists":0,"followers":0,"following":1,"created_at":"2018-06-07T05:31:44Z","updated_at":"2021-08-09T17:53:31Z","private_gists":0,"total_private_repos":12,"owned_private_repos":11,"disk_usage":615718,"collaborators":7,"two_factor_authentication":true,"plan":{"name":"pro","space":976562499,"collaborators":0,"private_repos":9999}}
[info] 
[info] +  Success! Logged into GitHub as MoiseGui 
[info] 
